{
  "stats": {
    "suites": 1,
    "tests": 1,
    "passes": 1,
    "pending": 0,
    "failures": 0,
    "start": "2024-12-09T14:02:35.756Z",
    "end": "2024-12-09T14:02:43.892Z",
    "duration": 8136,
    "testsRegistered": 1,
    "passPercent": 100,
    "pendingPercent": 0,
    "other": 0,
    "hasOther": false,
    "skipped": 0,
    "hasSkipped": false
  },
  "results": [
    {
      "uuid": "2c5d7254-c2e9-47d1-a0bb-f1c4bc40bacb",
      "title": "",
      "fullFile": "cypress\\e2e\\tests\\addToCartTest.cy.js",
      "file": "cypress\\e2e\\tests\\addToCartTest.cy.js",
      "beforeHooks": [],
      "afterHooks": [],
      "tests": [],
      "suites": [
        {
          "uuid": "2f400fcb-3554-4f33-bd7d-a33f09cb962a",
          "title": "add to cart functionality",
          "fullFile": "",
          "file": "",
          "beforeHooks": [],
          "afterHooks": [],
          "tests": [
            {
              "title": "add to cart page",
              "fullTitle": "add to cart functionality add to cart page",
              "timedOut": null,
              "duration": 5215,
              "state": "passed",
              "speed": "medium",
              "pass": true,
              "fail": false,
              "pending": false,
              "context": null,
              "code": "addToCartObj.openSearchPage();\naddToCartObj.enterproductName();\naddToCartObj.clickOnSearchButton();\naddToCartObj.verifytheMacBook();\naddToCartObj.clickOnAddtoCarthButton();\naddToCartObj.VerifySuccessMesssage();",
              "err": {},
              "uuid": "f94d65f5-c238-44bf-a01f-a333c4f49a35",
              "parentUUID": "2f400fcb-3554-4f33-bd7d-a33f09cb962a",
              "isHook": false,
              "skipped": false
            }
          ],
          "suites": [],
          "passes": [
            "f94d65f5-c238-44bf-a01f-a333c4f49a35"
          ],
          "failures": [],
          "pending": [],
          "skipped": [],
          "duration": 5215,
          "root": false,
          "rootEmpty": false,
          "_timeout": 2000
        }
      ],
      "passes": [],
      "failures": [],
      "pending": [],
      "skipped": [],
      "duration": 0,
      "root": true,
      "rootEmpty": true,
      "_timeout": 2000
    }
  ],
  "meta": {
    "mocha": {
      "version": "7.0.1"
    },
    "mochawesome": {
      "options": {
        "quiet": false,
        "reportFilename": "mochawesome",
        "saveHtml": false,
        "saveJson": true,
        "consoleReporter": "spec",
        "useInlineDiffs": false,
        "code": true
      },
      "version": "7.1.3"
    },
    "marge": {
      "options": {
        "overwrite": false,
        "html": false,
        "json": true,
        "reportDir": "cypress\\reports\\html\\.jsons"
      },
      "version": "6.2.0"
    }
  }
}