{
  "stats": {
    "suites": 1,
    "tests": 1,
    "passes": 1,
    "pending": 0,
    "failures": 0,
    "start": "2024-12-09T14:01:17.549Z",
    "end": "2024-12-09T14:01:25.444Z",
    "duration": 7895,
    "testsRegistered": 1,
    "passPercent": 100,
    "pendingPercent": 0,
    "other": 0,
    "hasOther": false,
    "skipped": 0,
    "hasSkipped": false
  },
  "results": [
    {
      "uuid": "f14d4028-08db-4ac0-bf1c-1a3857495ac0",
      "title": "",
      "fullFile": "cypress\\e2e\\tests\\addToCartTest.cy.js",
      "file": "cypress\\e2e\\tests\\addToCartTest.cy.js",
      "beforeHooks": [],
      "afterHooks": [],
      "tests": [],
      "suites": [
        {
          "uuid": "9a34f11c-9a09-4ae7-ad3c-f05ccb2a1b3b",
          "title": "add to cart functionality",
          "fullFile": "",
          "file": "",
          "beforeHooks": [],
          "afterHooks": [],
          "tests": [
            {
              "title": "add to cart page",
              "fullTitle": "add to cart functionality add to cart page",
              "timedOut": null,
              "duration": 4842,
              "state": "passed",
              "speed": "fast",
              "pass": true,
              "fail": false,
              "pending": false,
              "context": null,
              "code": "addToCartObj.openSearchPage();\naddToCartObj.enterproductName();\naddToCartObj.clickOnSearchButton();\naddToCartObj.verifytheMacBook();\naddToCartObj.clickOnAddtoCarthButton();\naddToCartObj.VerifySuccessMesssage();",
              "err": {},
              "uuid": "a415a177-69c8-4757-9104-4485259d358f",
              "parentUUID": "9a34f11c-9a09-4ae7-ad3c-f05ccb2a1b3b",
              "isHook": false,
              "skipped": false
            }
          ],
          "suites": [],
          "passes": [
            "a415a177-69c8-4757-9104-4485259d358f"
          ],
          "failures": [],
          "pending": [],
          "skipped": [],
          "duration": 4842,
          "root": false,
          "rootEmpty": false,
          "_timeout": 2000
        }
      ],
      "passes": [],
      "failures": [],
      "pending": [],
      "skipped": [],
      "duration": 0,
      "root": true,
      "rootEmpty": true,
      "_timeout": 2000
    }
  ],
  "meta": {
    "mocha": {
      "version": "7.0.1"
    },
    "mochawesome": {
      "options": {
        "quiet": false,
        "reportFilename": "mochawesome",
        "saveHtml": false,
        "saveJson": true,
        "consoleReporter": "spec",
        "useInlineDiffs": false,
        "code": true
      },
      "version": "7.1.3"
    },
    "marge": {
      "options": {
        "overwrite": false,
        "html": false,
        "json": true,
        "reportDir": "cypress\\reports\\html\\.jsons"
      },
      "version": "6.2.0"
    }
  }
}