{
  "stats": {
    "suites": 1,
    "tests": 1,
    "passes": 1,
    "pending": 0,
    "failures": 0,
    "start": "2024-12-09T14:42:15.016Z",
    "end": "2024-12-09T14:42:22.017Z",
    "duration": 7001,
    "testsRegistered": 1,
    "passPercent": 100,
    "pendingPercent": 0,
    "other": 0,
    "hasOther": false,
    "skipped": 0,
    "hasSkipped": false
  },
  "results": [
    {
      "uuid": "655ec319-4c6a-4834-87d9-d75bd4890032",
      "title": "",
      "fullFile": "cypress\\e2e\\tests\\registerTest.cy.js",
      "file": "cypress\\e2e\\tests\\registerTest.cy.js",
      "beforeHooks": [],
      "afterHooks": [],
      "tests": [],
      "suites": [
        {
          "uuid": "58136aa4-afb6-4da9-aba1-274061640a7f",
          "title": "test automation",
          "fullFile": "",
          "file": "",
          "beforeHooks": [],
          "afterHooks": [],
          "tests": [
            {
              "title": "register flow",
              "fullTitle": "test automation register flow",
              "timedOut": null,
              "duration": 4607,
              "state": "passed",
              "speed": "fast",
              "pass": true,
              "fail": false,
              "pending": false,
              "context": null,
              "code": "registerObj.openUrl();\nregisterObj.enterFirstName(_registerData.default.firstName);\nregisterObj.enterLastName(_registerData.default.lastName);\nregisterObj.enterEmail(_registerData.default.Email);\nregisterObj.enterTelephone(_registerData.default.Telephone);\nregisterObj.enterPassword(_registerData.default.pwd);\nregisterObj.selectPolicycheckbox();\nregisterObj.clickonButton();",
              "err": {},
              "uuid": "8f5cc1ed-c0a7-44eb-94b4-a8d1902d16bc",
              "parentUUID": "58136aa4-afb6-4da9-aba1-274061640a7f",
              "isHook": false,
              "skipped": false
            }
          ],
          "suites": [],
          "passes": [
            "8f5cc1ed-c0a7-44eb-94b4-a8d1902d16bc"
          ],
          "failures": [],
          "pending": [],
          "skipped": [],
          "duration": 4607,
          "root": false,
          "rootEmpty": false,
          "_timeout": 2000
        }
      ],
      "passes": [],
      "failures": [],
      "pending": [],
      "skipped": [],
      "duration": 0,
      "root": true,
      "rootEmpty": true,
      "_timeout": 2000
    }
  ],
  "meta": {
    "mocha": {
      "version": "7.0.1"
    },
    "mochawesome": {
      "options": {
        "quiet": false,
        "reportFilename": "mochawesome",
        "saveHtml": true,
        "saveJson": true,
        "consoleReporter": "spec",
        "useInlineDiffs": false,
        "code": true
      },
      "version": "7.1.3"
    },
    "marge": {
      "options": {
        "reportDir": "cypress/results",
        "overwrite": false,
        "html": true,
        "json": true
      },
      "version": "6.2.0"
    }
  }
}