{
  "stats": {
    "suites": 1,
    "tests": 1,
    "passes": 1,
    "pending": 0,
    "failures": 0,
    "start": "2024-12-09T14:46:02.159Z",
    "end": "2024-12-09T14:46:11.992Z",
    "duration": 9833,
    "testsRegistered": 1,
    "passPercent": 100,
    "pendingPercent": 0,
    "other": 0,
    "hasOther": false,
    "skipped": 0,
    "hasSkipped": false
  },
  "results": [
    {
      "uuid": "e1a7c14f-f28e-450d-9a19-cfe14aef4c1d",
      "title": "",
      "fullFile": "cypress\\e2e\\tests\\addToCartTest.cy.js",
      "file": "cypress\\e2e\\tests\\addToCartTest.cy.js",
      "beforeHooks": [],
      "afterHooks": [],
      "tests": [],
      "suites": [
        {
          "uuid": "2afd6c4b-e468-4d7f-88b5-b2d1a55b73d9",
          "title": "add to cart functionality",
          "fullFile": "",
          "file": "",
          "beforeHooks": [],
          "afterHooks": [],
          "tests": [
            {
              "title": "add to cart page",
              "fullTitle": "add to cart functionality add to cart page",
              "timedOut": null,
              "duration": 6062,
              "state": "passed",
              "speed": "medium",
              "pass": true,
              "fail": false,
              "pending": false,
              "context": null,
              "code": "addToCartObj.openSearchPage();\naddToCartObj.enterproductName();\naddToCartObj.clickOnSearchButton();\naddToCartObj.verifytheMacBook();\naddToCartObj.clickOnAddtoCarthButton();\naddToCartObj.VerifySuccessMesssage();",
              "err": {},
              "uuid": "eeda7f8a-d05c-45be-b487-51c9a501f580",
              "parentUUID": "2afd6c4b-e468-4d7f-88b5-b2d1a55b73d9",
              "isHook": false,
              "skipped": false
            }
          ],
          "suites": [],
          "passes": [
            "eeda7f8a-d05c-45be-b487-51c9a501f580"
          ],
          "failures": [],
          "pending": [],
          "skipped": [],
          "duration": 6062,
          "root": false,
          "rootEmpty": false,
          "_timeout": 2000
        }
      ],
      "passes": [],
      "failures": [],
      "pending": [],
      "skipped": [],
      "duration": 0,
      "root": true,
      "rootEmpty": true,
      "_timeout": 2000
    }
  ],
  "meta": {
    "mocha": {
      "version": "7.0.1"
    },
    "mochawesome": {
      "options": {
        "quiet": false,
        "reportFilename": "mochawesome",
        "saveHtml": true,
        "saveJson": true,
        "consoleReporter": "spec",
        "useInlineDiffs": false,
        "code": true
      },
      "version": "7.1.3"
    },
    "marge": {
      "options": {
        "reportDir": "cypress/results",
        "overwrite": false,
        "html": true,
        "json": true
      },
      "version": "6.2.0"
    }
  }
}