{
  "stats": {
    "suites": 1,
    "tests": 1,
    "passes": 1,
    "pending": 0,
    "failures": 0,
    "start": "2024-12-09T14:42:03.305Z",
    "end": "2024-12-09T14:42:12.408Z",
    "duration": 9103,
    "testsRegistered": 1,
    "passPercent": 100,
    "pendingPercent": 0,
    "other": 0,
    "hasOther": false,
    "skipped": 0,
    "hasSkipped": false
  },
  "results": [
    {
      "uuid": "480d218c-afbe-4b92-8191-7faca832a5ec",
      "title": "",
      "fullFile": "cypress\\e2e\\tests\\addToCartTest.cy.js",
      "file": "cypress\\e2e\\tests\\addToCartTest.cy.js",
      "beforeHooks": [],
      "afterHooks": [],
      "tests": [],
      "suites": [
        {
          "uuid": "d45427fe-ad20-43d1-bce2-a7d7d89dbc29",
          "title": "add to cart functionality",
          "fullFile": "",
          "file": "",
          "beforeHooks": [],
          "afterHooks": [],
          "tests": [
            {
              "title": "add to cart page",
              "fullTitle": "add to cart functionality add to cart page",
              "timedOut": null,
              "duration": 5943,
              "state": "passed",
              "speed": "medium",
              "pass": true,
              "fail": false,
              "pending": false,
              "context": null,
              "code": "addToCartObj.openSearchPage();\naddToCartObj.enterproductName();\naddToCartObj.clickOnSearchButton();\naddToCartObj.verifytheMacBook();\naddToCartObj.clickOnAddtoCarthButton();\naddToCartObj.VerifySuccessMesssage();",
              "err": {},
              "uuid": "7c48653e-b386-4dab-b675-e7c9b670e29a",
              "parentUUID": "d45427fe-ad20-43d1-bce2-a7d7d89dbc29",
              "isHook": false,
              "skipped": false
            }
          ],
          "suites": [],
          "passes": [
            "7c48653e-b386-4dab-b675-e7c9b670e29a"
          ],
          "failures": [],
          "pending": [],
          "skipped": [],
          "duration": 5943,
          "root": false,
          "rootEmpty": false,
          "_timeout": 2000
        }
      ],
      "passes": [],
      "failures": [],
      "pending": [],
      "skipped": [],
      "duration": 0,
      "root": true,
      "rootEmpty": true,
      "_timeout": 2000
    }
  ],
  "meta": {
    "mocha": {
      "version": "7.0.1"
    },
    "mochawesome": {
      "options": {
        "quiet": false,
        "reportFilename": "mochawesome",
        "saveHtml": true,
        "saveJson": true,
        "consoleReporter": "spec",
        "useInlineDiffs": false,
        "code": true
      },
      "version": "7.1.3"
    },
    "marge": {
      "options": {
        "reportDir": "cypress/results",
        "overwrite": false,
        "html": true,
        "json": true
      },
      "version": "6.2.0"
    }
  }
}