{
  "stats": {
    "suites": 1,
    "tests": 1,
    "passes": 0,
    "pending": 0,
    "failures": 1,
    "start": "2024-12-09T14:46:14.492Z",
    "end": "2024-12-09T14:46:22.944Z",
    "duration": 8452,
    "testsRegistered": 1,
    "passPercent": 0,
    "pendingPercent": 0,
    "other": 0,
    "hasOther": false,
    "skipped": 0,
    "hasSkipped": false
  },
  "results": [
    {
      "uuid": "7f4eaa1a-14ed-42d5-8671-9377f8b0ef7f",
      "title": "",
      "fullFile": "cypress\\e2e\\tests\\registerTest.cy.js",
      "file": "cypress\\e2e\\tests\\registerTest.cy.js",
      "beforeHooks": [],
      "afterHooks": [],
      "tests": [],
      "suites": [
        {
          "uuid": "0f82ee93-3c49-4502-afb0-4c22493528c4",
          "title": "test automation",
          "fullFile": "",
          "file": "",
          "beforeHooks": [],
          "afterHooks": [],
          "tests": [
            {
              "title": "register flow",
              "fullTitle": "test automation register flow",
              "timedOut": null,
              "duration": 6262,
              "state": "failed",
              "speed": null,
              "pass": false,
              "fail": true,
              "pending": false,
              "context": "{\n  \"title\": \"cypress-mochawesome-reporter-screenshots\",\n  \"value\": [\n    [\n      \"\\\\registerTest.cy.js\\\\test automation -- register flow (failed).png\"\n    ]\n  ]\n}",
              "code": "registerObj.openUrl();\nregisterObj.enterFirstName(_registerData.default.firstName);\nregisterObj.enterLastName(_registerData.default.lastName);\nregisterObj.enterEmail(_registerData.default.Email);\nregisterObj.enterTelephone(_registerData.default.Telephone);\nregisterObj.enterPassword(_registerData.default.pwd);\nregisterObj.selectPolicycheckbox();\nregisterObj.clickonButton();",
              "err": {
                "message": "AssertionError: Timed out retrying after 4000ms: Expected to find element: `#input-firstname1`, but never found it.",
                "estack": "AssertionError: Timed out retrying after 4000ms: Expected to find element: `#input-firstname1`, but never found it.\n    at Object.firstName (webpack://cypress-e2elearning/./cypress/pages/registerPages.js:16:27)\n    at registerPages.enterFirstName (webpack://cypress-e2elearning/./cypress/pages/registerPages.js:35:25)\n    at Context.eval (webpack://cypress-e2elearning/./cypress/e2e/tests/registerTest.cy.js:8:20)",
                "diff": null
              },
              "uuid": "397f1914-1dce-43ab-a97b-dbcc6bb5829c",
              "parentUUID": "0f82ee93-3c49-4502-afb0-4c22493528c4",
              "isHook": false,
              "skipped": false
            }
          ],
          "suites": [],
          "passes": [],
          "failures": [
            "397f1914-1dce-43ab-a97b-dbcc6bb5829c"
          ],
          "pending": [],
          "skipped": [],
          "duration": 6262,
          "root": false,
          "rootEmpty": false,
          "_timeout": 2000
        }
      ],
      "passes": [],
      "failures": [],
      "pending": [],
      "skipped": [],
      "duration": 0,
      "root": true,
      "rootEmpty": true,
      "_timeout": 2000
    }
  ],
  "meta": {
    "mocha": {
      "version": "7.0.1"
    },
    "mochawesome": {
      "options": {
        "quiet": false,
        "reportFilename": "mochawesome",
        "saveHtml": true,
        "saveJson": true,
        "consoleReporter": "spec",
        "useInlineDiffs": false,
        "code": true
      },
      "version": "7.1.3"
    },
    "marge": {
      "options": {
        "reportDir": "cypress/results",
        "overwrite": false,
        "html": true,
        "json": true
      },
      "version": "6.2.0"
    }
  }
}